---- Current Roster ----
1: ID: 03413623, Name: Savannah Rider
2: ID: 06184953, Name: Israel Seay
3: ID: 05206281, Name: Maryam Whittaker
4: ID: 04445543, Name: Bruno Haddad
5: ID: 05214769, Name: Armani Lindberg
6: ID: 04789469, Name: Jaslyn Hoover
7: ID: 04231027, Name: Andres Ratcliff
8: ID: 07337401, Name: Stephen Corbin
9: ID: 03846009, Name: Matilda Finney
10: ID: 05605535, Name: Issac Lemons
11: ID: 07515575, Name: Oliver Muniz
12: ID: 06983035, Name: Issac Wyatt
13: ID: 04352812, Name: Eve Elam
14: ID: 07487480, Name: Brody Odell
15: ID: 06002675, Name: Jordan Rowe
16: ID: 03515951, Name: Samiya Purcell
17: ID: 05155225, Name: Hendy Winslow
18: ID: 05940738, Name: Ismael Grogan
19: ID: 05659490, Name: Milan Goddard
20: ID: 04301631, Name: Jair Smallwood
21: ID: 06407728, Name: Hayden Doss
22: ID: 04337681, Name: Izaiah Vick
23: ID: 06206360, Name: Tiffany Guy
24: ID: 07680334, Name: Khaleesi Brewster
25: ID: 05767266, Name: Kailyn Vines
26: ID: 06037934, Name: Dilan Hail
27: ID: 03483598, Name: Sonny Nadeau
28: ID: 04980786, Name: Asher Alston
29: ID: 03281091, Name: Malaysia Burke
30: ID: 05160499, Name: Maximus Santillan
31: ID: 07080394, Name: Annie Neely
32: ID: 06781220, Name: Moussa Holcomb
33: ID: 03434649, Name: Addison Chavez
34: ID: 06057966, Name: Idy Pantoja
35: ID: 07490441, Name: Ace Mcgregor
36: ID: 04138564, Name: Zachariah Gruber
37: ID: 07692938, Name: Parizoda Olvera
Erase 3413623
Erase 3434649
Erase 6781220
Erase 4138564
Erase 7490441
Erase 3846009
Erase 6037934
Erase 6407728
Erase 6002675
Erase 5155225
Erase 6983035
Erase 4789469
---- Current Roster ----
1: ID: 06184953, Name: Israel Seay
2: ID: 05206281, Name: Maryam Whittaker
3: ID: 04445543, Name: Bruno Haddad
4: ID: 05214769, Name: Armani Lindberg
5: ID: 04231027, Name: Andres Ratcliff
6: ID: 07337401, Name: Stephen Corbin
7: ID: 05605535, Name: Issac Lemons
8: ID: 07515575, Name: Oliver Muniz
9: ID: 04352812, Name: Eve Elam
10: ID: 07487480, Name: Brody Odell
11: ID: 03515951, Name: Samiya Purcell
12: ID: 05940738, Name: Ismael Grogan
13: ID: 05659490, Name: Milan Goddard
14: ID: 04301631, Name: Jair Smallwood
15: ID: 04337681, Name: Izaiah Vick
16: ID: 06206360, Name: Tiffany Guy
17: ID: 07680334, Name: Khaleesi Brewster
18: ID: 05767266, Name: Kailyn Vines
19: ID: 03483598, Name: Sonny Nadeau
20: ID: 04980786, Name: Asher Alston
21: ID: 03281091, Name: Malaysia Burke
22: ID: 05160499, Name: Maximus Santillan
23: ID: 07080394, Name: Annie Neely
24: ID: 06057966, Name: Idy Pantoja
25: ID: 07692938, Name: Parizoda Olvera
---- Current Roster ----
1: ID: 06184953, Name: Israel Seay
2: ID: 05206281, Name: Maryam Whittaker
3: ID: 04445543, Name: Bruno Haddad
4: ID: 05214769, Name: Armani Lindberg
5: ID: 04231027, Name: Andres Ratcliff
6: ID: 07337401, Name: Stephen Corbin
7: ID: 05605535, Name: Issac Lemons
8: ID: 07515575, Name: Oliver Muniz
9: ID: 04352812, Name: Eve Elam
10: ID: 07487480, Name: Brody Odell
11: ID: 03515951, Name: Samiya Purcell
12: ID: 05940738, Name: Ismael Grogan
13: ID: 05659490, Name: Milan Goddard
14: ID: 04301631, Name: Jair Smallwood
15: ID: 04337681, Name: Izaiah Vick
16: ID: 06206360, Name: Tiffany Guy
17: ID: 07680334, Name: Khaleesi Brewster
18: ID: 05767266, Name: Kailyn Vines
19: ID: 03483598, Name: Sonny Nadeau
20: ID: 04980786, Name: Asher Alston
21: ID: 03281091, Name: Malaysia Burke
22: ID: 05160499, Name: Maximus Santillan
23: ID: 07080394, Name: Annie Neely
24: ID: 06057966, Name: Idy Pantoja
25: ID: 07692938, Name: Parizoda Olvera
26: ID: 05787520, Name: Miah Wright
27: ID: 04996076, Name: Cooper Crum
28: ID: 07664206, Name: Eddie Archer
29: ID: 07814075, Name: Bryce Griggs
30: ID: 04601853, Name: Mason Mccabe
31: ID: 06625807, Name: Carmelo Mcclain
32: ID: 06137757, Name: Lev Cuevas
33: ID: 04181514, Name: Neymar Cosby
34: ID: 04827503, Name: Zain Hoang
35: ID: 07396176, Name: Jaylee Marlow
36: ID: 03934558, Name: Anjali Kopp
37: ID: 04410740, Name: Emmanuella Garland
38: ID: 07060922, Name: Darius Schulte
39: ID: 03958530, Name: Jaylen Lozano
40: ID: 03006598, Name: Dalia Robinson
41: ID: 04057500, Name: Cayden Barrios
42: ID: 07076935, Name: Edward Page
