People born in March: 
	Renata Caudill 2015/Mar/27 143.5lb 5'10"
	Heidi Dutton 2010/Mar/07 218.5lb 5'4"
	Gianluca Sherman 2002/Mar/26 231.0lb 6'3"
	Leonidas Paulsen 2016/Mar/17 205.0lb 4'11"
	Michelle Corley 2001/Mar/20 250.0lb 4'4"
	Alisha Mullins 2008/Mar/15 107.0lb 4'2"
	Chelsea Huggins 2006/Mar/17 199.5lb 5'2"
	Alyssa Maher 2007/Mar/10 134.5lb 6'0"
	Miracle Carbone 2005/Mar/21 193.0lb 4'9"
	Jamar Cintron 2006/Mar/18 126.0lb 6'3"
	Noach Wharton 2014/Mar/27 131.0lb 6'6"
	Ermias Shelton 2003/Mar/23 228.0lb 4'11"
	Izaiah Pennington 2010/Mar/05 246.0lb 5'2"
	Jazzlyn Snider 2017/Mar/27 129.0lb 6'3"
	Elianny Slone 2005/Mar/25 217.5lb 4'2"
	Leslie Mai 2006/Mar/03 247.0lb 6'3"
	Shloimy Slaughter 2005/Mar/26 105.5lb 6'0"

Is "Lily Liu" in the dataset?: yes

Sorted by last name: 
	Aleksander Ahmad 2019/Jun/03 173.0lb 4'6"
	Nadia Alcantar 2016/Jun/11 169.0lb 5'4"
	Kelvin Alderman 2001/Jan/07 156.5lb 4'2"
	Jaylyn Aldrich 2001/Jan/20 137.5lb 4'9"
	Cali Alicea 2001/Jan/25 205.5lb 6'2"
	Casey Amador 2012/Jun/09 141.0lb 4'6"
	Arely Anthony 2004/Dec/17 171.5lb 5'6"
	Anne Apodaca 2003/Jul/20 223.5lb 6'4"
	Uriel Applegate 2015/Dec/20 179.5lb 4'4"
	Ace Barba 2004/Aug/27 181.0lb 5'6"
	Ivy Barnard 2008/Jan/11 186.5lb 4'10"
	Jana Baron 2018/Jul/28 228.5lb 6'6"
	Jorge Barron 2015/May/20 211.0lb 5'4"
	Sasha Baum 2017/Jul/24 206.5lb 5'11"
	Briella Baxter 2009/Jun/21 224.5lb 5'1"
	Ryan Beasley 2013/Sep/04 208.5lb 5'3"
	Marisol Beatty 2001/Jun/02 119.0lb 5'5"
	Raquel Bernal 2014/May/08 221.5lb 4'6"
	Mira Blair 2014/Jan/09 210.5lb 5'10"
	Brian Bond 2012/Feb/21 225.0lb 4'4"
	Bryan Bowser 2005/Aug/07 144.0lb 5'6"
	Jaziel Boyce 2002/Nov/10 210.0lb 6'4"
	Toby Brooks 2002/Oct/02 140.5lb 5'1"
	Alexander Bullard 2010/Dec/26 219.0lb 4'5"
	Yandel Burk 2006/Sep/10 105.5lb 5'8"
	Maverick Cahill 2007/Apr/04 233.0lb 4'5"
	Amari Camarillo 2016/Nov/13 160.5lb 5'3"
	Oliver Canales 2015/Jul/20 135.5lb 4'3"
	Jordyn Canales 2019/Jul/19 199.5lb 5'8"
	Miracle Carbone 2005/Mar/21 193.0lb 4'9"
	Renata Caudill 2015/Mar/27 143.5lb 5'10"
	Lazer Chacon 2004/May/20 152.5lb 4'8"
	Liz Chapin 2018/Feb/10 128.5lb 6'2"
	Jamar Cintron 2006/Mar/18 126.0lb 6'3"
	Ishmael Clifton 2006/Apr/15 226.0lb 4'10"
	Elvin Coffman 2011/Sep/12 194.5lb 6'5"
	Ailani Coleman 2018/Jul/27 212.0lb 6'7"
	Chana Coley 2012/Sep/14 141.0lb 4'7"
	Kaylin Connell 2015/Dec/10 206.0lb 5'5"
	Frederick Coon 2016/Oct/04 108.0lb 5'10"
	Jamie Cooney 2010/May/20 223.0lb 5'10"
	Bintou Copeland 2003/May/12 192.5lb 6'2"
	Michelle Corley 2001/Mar/20 250.0lb 4'4"
	Tony Coughlin 2001/Jul/19 164.0lb 6'1"
	Phoenix Cross 2002/Jul/10 153.0lb 4'11"
	Saif Delaney 2004/Oct/15 164.0lb 5'3"
	Elvis Denney 2003/Dec/19 145.0lb 6'7"
	Cesar Desai 2014/Jan/24 141.5lb 4'9"
	Alter Doherty 2013/Nov/04 125.5lb 4'5"
	Spencer Duggan 2004/Sep/10 245.0lb 4'11"
	Heidi Dutton 2010/Mar/07 218.5lb 5'4"
	Efraim Dwyer 2010/Feb/11 216.0lb 5'6"
	Celine Dyer 2013/Oct/22 225.0lb 5'4"
	Helen Echols 2006/Jul/28 211.5lb 4'6"
	Yara Eckert 2008/Nov/07 113.0lb 5'10"
	Ahmed Elkins 2012/Jan/09 120.5lb 4'4"
	Emely Ellsworth 2003/Jul/28 184.0lb 5'8"
	Giselle Estep 2016/May/23 236.0lb 4'4"
	Yona Flood 2001/Jul/13 233.0lb 6'7"
	Jimmy Frazier 2006/May/05 124.0lb 5'6"
	Shevy Gaffney 2009/Jan/16 170.0lb 5'7"
	Princeton Gaither 2012/May/27 133.0lb 5'11"
	Kendrick Giron 2018/Apr/17 127.0lb 5'7"
	Jewel Gore 2006/Apr/07 236.0lb 5'7"
	Tomas Grossman 2018/Apr/11 176.0lb 6'2"
	Yosef Guevara 2005/Jan/03 171.5lb 4'6"
	Larry Guevara 2004/May/11 130.5lb 6'4"
	Christy Gunderson 2015/May/26 100.5lb 5'7"
	Pierce Hamrick 2001/Jul/12 149.0lb 6'0"
	Arlette Hankins 2013/Sep/14 117.0lb 5'2"
	Janiya Hanks 2010/Dec/24 184.5lb 5'3"
	Joy Hatch 2011/Oct/15 214.0lb 6'4"
	Ansel Hawk 2001/Apr/22 218.0lb 5'7"
	Mariana Healey 2007/Jan/23 243.0lb 6'3"
	Zachary Heath 2007/Oct/23 121.5lb 6'5"
	Elaine Henriquez 2011/Jul/12 217.0lb 5'7"
	Julien High 2001/May/20 156.5lb 6'6"
	Peyton Hite 2015/Sep/13 112.0lb 6'0"
	Camille Hoff 2016/May/21 166.5lb 5'9"
	Rohan Holmes 2002/Nov/24 204.5lb 6'7"
	Miriam Hood 2012/Feb/06 132.5lb 5'11"
	Emiliano House 2015/Aug/21 107.5lb 5'10"
	Daisy Hu 2001/May/16 110.0lb 6'6"
	Chelsea Huggins 2006/Mar/17 199.5lb 5'2"
	Dillon Humphrey 2010/Dec/15 183.5lb 5'7"
	Angel Humphries 2008/Jul/14 203.5lb 5'6"
	Diana Hyatt 2011/Apr/03 157.0lb 4'9"
	Maisie Isaacs 2008/May/09 100.5lb 5'3"
	Yadiel Jackson 2009/Oct/14 238.0lb 5'4"
	Francesca Jernigan 2005/Jun/17 144.0lb 5'8"
	Ayaan Keating 2018/Feb/13 230.0lb 5'11"
	Brendan Keck 2010/Nov/04 125.5lb 5'4"
	Everly Kelley 2004/Oct/19 216.0lb 4'11"
	Bennett Kerns 2006/Jan/06 206.5lb 5'3"
	Maggie Knapp 2014/Jun/28 127.0lb 4'3"
	Serenity Koenig 2004/Sep/11 206.0lb 5'2"
	Lizeth Kroll 2005/Dec/08 178.0lb 5'0"
	Sulaiman Leslie 2014/Aug/22 181.0lb 4'6"
	Amiyah Levine 2001/Jun/01 226.5lb 4'8"
	Olympia Lewis 2013/Dec/19 225.0lb 5'6"
	Leela Lim 2011/Jul/02 202.0lb 5'9"
	Steve Lindley 2007/May/16 245.0lb 5'4"
	Nora Lira 2012/Nov/18 151.5lb 4'10"
	Lily Liu 2006/May/15 172.5lb 5'4"
	Mollie Lively 2002/Sep/27 157.5lb 4'4"
	Chava Lockett 2005/Aug/13 196.5lb 6'7"
	Bowen Loera 2010/Sep/18 103.5lb 6'5"
	Carmelo Lundy 2010/Sep/05 157.5lb 5'0"
	Alyssa Maher 2007/Mar/10 134.5lb 6'0"
	Leslie Mai 2006/Mar/03 247.0lb 6'3"
	Samir Malik 2017/Jan/23 185.5lb 6'5"
	Jaxson Manley 2015/May/06 182.5lb 6'3"
	Farida Martins 2018/Dec/04 170.5lb 6'0"
	Shayla Matthews 2013/Jun/21 156.0lb 4'8"
	Lipa Mattingly 2014/Aug/09 215.5lb 4'4"
	Jahir Mcafee 2018/Jul/20 189.0lb 5'6"
	Beatrice Mccloud 2010/Apr/08 224.5lb 4'5"
	Vanessa Mcleod 2003/Dec/02 231.0lb 5'10"
	Jonathan Mcneill 2003/Feb/11 102.5lb 6'1"
	Jaelyn Meadows 2013/Jun/10 107.0lb 4'6"
	Christina Messer 2011/Dec/09 106.5lb 4'10"
	Jasmine Meyers 2007/Feb/22 217.0lb 4'11"
	Zainab Milligan 2006/Feb/06 109.0lb 5'8"
	Marco Mims 2013/Jan/26 230.0lb 6'0"
	Anabia Moe 2006/Nov/16 156.5lb 6'5"
	Tiana Moreno 2008/Sep/09 239.0lb 5'7"
	Alisha Mullins 2008/Mar/15 107.0lb 4'2"
	Darwin Murrell 2019/Apr/26 241.0lb 5'6"
	Hugo Nadeau 2003/Dec/21 140.0lb 5'10"
	Matias Navarro 2001/Nov/08 194.0lb 4'8"
	Emerson Neely 2006/May/08 103.5lb 4'5"
	Daniela Nichols 2003/Oct/07 129.5lb 4'9"
	Amaya Nielson 2010/Feb/20 240.5lb 5'10"
	Tenzin Nolen 2003/Nov/19 225.0lb 4'9"
	Rayyan Odell 2012/Jan/20 147.5lb 4'8"
	Avril Oleary 2006/Jul/06 164.0lb 6'7"
	Aisha Orozco 2017/Aug/26 175.5lb 6'5"
	Lazer Osborne 2016/Oct/16 226.0lb 4'6"
	Monica Osullivan 2015/Feb/25 200.5lb 5'0"
	Mayson Ott 2008/Jul/08 231.0lb 4'11"
	Leonidas Paulsen 2016/Mar/17 205.0lb 4'11"
	Izaiah Pennington 2010/Mar/05 246.0lb 5'2"
	Roiza Perdomo 2001/Feb/15 215.5lb 5'11"
	Jadiel Pitts 2014/Aug/05 205.0lb 4'8"
	Chace Ponder 2003/Jan/17 113.5lb 6'7"
	Antonio Potter 2018/Aug/04 188.0lb 5'1"
	Evangeline Rand 2014/Feb/12 112.0lb 6'2"
	Abby Redman 2010/Sep/11 160.0lb 4'9"
	Yasmina Reese 2006/Sep/01 120.0lb 5'0"
	Abdul Ricci 2019/May/09 213.5lb 4'5"
	Scarlett Rivera 2003/Jul/25 228.0lb 5'1"
	Lillian Rivero 2008/Jul/02 108.0lb 6'4"
	Eve Rockwell 2017/Aug/09 145.0lb 4'3"
	Joselyn Rojo 2017/Oct/17 208.0lb 5'0"
	Pinchas Sales 2018/Jul/02 175.5lb 4'3"
	Danny Salter 2006/Apr/20 157.0lb 6'5"
	Juliana Schaffer 2015/Jul/18 117.0lb 5'4"
	Sam Scherer 2012/Nov/05 163.0lb 5'10"
	Rayan Schroeder 2019/May/23 129.5lb 5'9"
	Ayan Schulz 2012/Aug/19 248.5lb 4'11"
	Karen Seymour 2015/Jan/18 238.5lb 4'8"
	Henchy Shea 2019/Jan/22 212.5lb 6'4"
	Ermias Shelton 2003/Mar/23 228.0lb 4'11"
	Gianluca Sherman 2002/Mar/26 231.0lb 6'3"
	Jacqueline Shoemaker 2010/Oct/11 216.5lb 5'11"
	Mabel Sims 2002/Dec/26 228.0lb 5'7"
	Kehlani Singer 2001/Sep/27 118.5lb 6'4"
	Gavriel Skidmore 2011/Jan/18 158.5lb 6'5"
	Shloimy Slaughter 2005/Mar/26 105.5lb 6'0"
	Elianny Slone 2005/Mar/25 217.5lb 4'2"
	Chad Slone 2007/Aug/05 142.0lb 5'3"
	Tony Snead 2008/Jan/08 203.5lb 4'6"
	Hafsa Sneed 2005/Jul/17 108.5lb 6'0"
	Jazzlyn Snider 2017/Mar/27 129.0lb 6'3"
	Isabela Solorzano 2012/Oct/19 170.5lb 5'10"
	Elian Sommers 2018/Feb/04 227.5lb 6'0"
	Motty Stevens 2002/Feb/04 133.5lb 5'1"
	Carmen Still 2004/Nov/27 206.5lb 4'6"
	Cayden Stovall 2002/Sep/09 124.0lb 4'5"
	Carolina Switzer 2015/Aug/12 212.0lb 5'5"
	Phoenix Tapia 2010/Nov/11 217.5lb 6'5"
	Ariela Thompson 2004/Jun/27 105.0lb 5'11"
	Jamie Thurston 2018/Sep/27 165.0lb 5'2"
	Makenzie Tobin 2004/Dec/05 198.5lb 5'7"
	Queena Unger 2012/Apr/03 115.5lb 6'4"
	Avi Valdez 2012/Oct/22 151.0lb 5'0"
	Calvin Valencia 2007/Oct/07 192.5lb 6'6"
	Hailey Valentin 2001/Jan/01 195.0lb 4'8"
	Andre Vickers 2019/Feb/27 249.5lb 6'3"
	Shawn Villatoro 2005/May/06 184.0lb 6'0"
	Yahir Watkins 2012/Jul/17 205.0lb 5'4"
	Harper Webster 2008/Sep/18 227.0lb 5'11"
	Vivian Wenzel 2013/Aug/11 121.0lb 4'3"
	Grey Westbrook 2002/Jan/10 151.0lb 5'9"
	Noach Wharton 2014/Mar/27 131.0lb 6'6"
	Edgar Wiggins 2013/Jun/02 195.5lb 5'0"
	Lukas Wills 2008/Dec/06 239.5lb 5'7"
	Dominick Winslow 2001/Dec/13 171.0lb 5'2"
	Mahamadou Woodson 2007/Jan/16 166.5lb 4'8"
	Graham Workman 2018/Sep/05 238.5lb 6'1"
