No more space left in roster
No more space left in roster
No more space left in roster
No more space left in roster
No more space left in roster
No more space left in roster
No more space left in roster
---- Current Roster ----
1: ID: 03413623, Name: Savannah Rider
2: ID: 06184953, Name: Israel Seay
3: ID: 05206281, Name: Maryam Whittaker
4: ID: 04445543, Name: Bruno Haddad
5: ID: 05214769, Name: Armani Lindberg
6: ID: 04789469, Name: Jaslyn Hoover
7: ID: 04231027, Name: Andres Ratcliff
8: ID: 07337401, Name: Stephen Corbin
9: ID: 03846009, Name: Matilda Finney
10: ID: 05605535, Name: Issac Lemons
11: ID: 07515575, Name: Oliver Muniz
12: ID: 06983035, Name: Issac Wyatt
13: ID: 04352812, Name: Eve Elam
14: ID: 07487480, Name: Brody Odell
15: ID: 06002675, Name: Jordan Rowe
16: ID: 03515951, Name: Samiya Purcell
17: ID: 05155225, Name: Hendy Winslow
18: ID: 05940738, Name: Ismael Grogan
19: ID: 05659490, Name: Milan Goddard
20: ID: 04301631, Name: Jair Smallwood
21: ID: 06407728, Name: Hayden Doss
22: ID: 04337681, Name: Izaiah Vick
23: ID: 06206360, Name: Tiffany Guy
24: ID: 07680334, Name: Khaleesi Brewster
25: ID: 05767266, Name: Kailyn Vines
26: ID: 06037934, Name: Dilan Hail
27: ID: 03483598, Name: Sonny Nadeau
28: ID: 04980786, Name: Asher Alston
29: ID: 03281091, Name: Malaysia Burke
30: ID: 05160499, Name: Maximus Santillan
ID does not exist in the roster
ID does not exist in the roster
ID does not exist in the roster
ID does not exist in the roster
---- Current Roster ----
1: ID: 03413623, Name: Savannah Rider
2: ID: 06184953, Name: Israel Seay
3: ID: 05206281, Name: Maryam Whittaker
4: ID: 04445543, Name: Bruno Haddad
5: ID: 05214769, Name: Armani Lindberg
6: ID: 04231027, Name: Andres Ratcliff
7: ID: 07337401, Name: Stephen Corbin
8: ID: 05605535, Name: Issac Lemons
9: ID: 07515575, Name: Oliver Muniz
10: ID: 04352812, Name: Eve Elam
11: ID: 07487480, Name: Brody Odell
12: ID: 03515951, Name: Samiya Purcell
13: ID: 05940738, Name: Ismael Grogan
14: ID: 05659490, Name: Milan Goddard
15: ID: 04301631, Name: Jair Smallwood
16: ID: 04337681, Name: Izaiah Vick
17: ID: 06206360, Name: Tiffany Guy
18: ID: 07680334, Name: Khaleesi Brewster
19: ID: 05767266, Name: Kailyn Vines
20: ID: 03483598, Name: Sonny Nadeau
21: ID: 04980786, Name: Asher Alston
22: ID: 03281091, Name: Malaysia Burke
23: ID: 05160499, Name: Maximus Santillan
No more space left in roster
No more space left in roster
No more space left in roster
No more space left in roster
No more space left in roster
No more space left in roster
No more space left in roster
No more space left in roster
No more space left in roster
No more space left in roster
---- Current Roster ----
1: ID: 03413623, Name: Savannah Rider
2: ID: 06184953, Name: Israel Seay
3: ID: 05206281, Name: Maryam Whittaker
4: ID: 04445543, Name: Bruno Haddad
5: ID: 05214769, Name: Armani Lindberg
6: ID: 04231027, Name: Andres Ratcliff
7: ID: 07337401, Name: Stephen Corbin
8: ID: 05605535, Name: Issac Lemons
9: ID: 07515575, Name: Oliver Muniz
10: ID: 04352812, Name: Eve Elam
11: ID: 07487480, Name: Brody Odell
12: ID: 03515951, Name: Samiya Purcell
13: ID: 05940738, Name: Ismael Grogan
14: ID: 05659490, Name: Milan Goddard
15: ID: 04301631, Name: Jair Smallwood
16: ID: 04337681, Name: Izaiah Vick
17: ID: 06206360, Name: Tiffany Guy
18: ID: 07680334, Name: Khaleesi Brewster
19: ID: 05767266, Name: Kailyn Vines
20: ID: 03483598, Name: Sonny Nadeau
21: ID: 04980786, Name: Asher Alston
22: ID: 03281091, Name: Malaysia Burke
23: ID: 05160499, Name: Maximus Santillan
24: ID: 05787520, Name: Miah Wright
25: ID: 04996076, Name: Cooper Crum
26: ID: 07664206, Name: Eddie Archer
27: ID: 07814075, Name: Bryce Griggs
28: ID: 04601853, Name: Mason Mccabe
29: ID: 06625807, Name: Carmelo Mcclain
30: ID: 06137757, Name: Lev Cuevas
